<?xml version="1.0" encoding="UTF-8"?>
<testsuites tests="146" failures="8" disabled="0" errors="0" time="6.765" timestamp="2025-08-15T20:51:04.615" name="AllTests">
  <testsuite name="CApiGPUTest" tests="9" failures="0" disabled="0" skipped="9" errors="0" time="0." timestamp="2025-08-15T20:51:04.615">
    <testcase name="ManagerCreation" file="/home/duane/madrona_escape_room/tests/cpp/unit/test_c_api_gpu.cpp" line="9" status="run" result="skipped" time="0." timestamp="2025-08-15T20:51:04.615" classname="CApiGPUTest">
      <skipped message="/home/duane/madrona_escape_room/tests/cpp/fixtures/test_base.hpp:100&#x0A;GPU tests disabled in main suite due to one-GPU-manager-per-process limitation.&#x0A;Run with ALLOW_GPU_TESTS_IN_SUITE=1 or use ./tests/run_gpu_tests_isolated.sh&#x0A;"><![CDATA[/home/duane/madrona_escape_room/tests/cpp/fixtures/test_base.hpp:100
GPU tests disabled in main suite due to one-GPU-manager-per-process limitation.
Run with ALLOW_GPU_TESTS_IN_SUITE=1 or use ./tests/run_gpu_tests_isolated.sh
]]></skipped>
    </testcase>
    <testcase name="ManagerCreationWithEmbeddedLevels" file="/home/duane/madrona_escape_room/tests/cpp/unit/test_c_api_gpu.cpp" line="16" status="run" result="skipped" time="0." timestamp="2025-08-15T20:51:04.615" classname="CApiGPUTest">
      <skipped message="/home/duane/madrona_escape_room/tests/cpp/fixtures/test_base.hpp:100&#x0A;GPU tests disabled in main suite due to one-GPU-manager-per-process limitation.&#x0A;Run with ALLOW_GPU_TESTS_IN_SUITE=1 or use ./tests/run_gpu_tests_isolated.sh&#x0A;"><![CDATA[/home/duane/madrona_escape_room/tests/cpp/fixtures/test_base.hpp:100
GPU tests disabled in main suite due to one-GPU-manager-per-process limitation.
Run with ALLOW_GPU_TESTS_IN_SUITE=1 or use ./tests/run_gpu_tests_isolated.sh
]]></skipped>
    </testcase>
    <testcase name="GPUTensorProperties" file="/home/duane/madrona_escape_room/tests/cpp/unit/test_c_api_gpu.cpp" line="23" status="run" result="skipped" time="0." timestamp="2025-08-15T20:51:04.615" classname="CApiGPUTest">
      <skipped message="/home/duane/madrona_escape_room/tests/cpp/fixtures/test_base.hpp:100&#x0A;GPU tests disabled in main suite due to one-GPU-manager-per-process limitation.&#x0A;Run with ALLOW_GPU_TESTS_IN_SUITE=1 or use ./tests/run_gpu_tests_isolated.sh&#x0A;"><![CDATA[/home/duane/madrona_escape_room/tests/cpp/fixtures/test_base.hpp:100
GPU tests disabled in main suite due to one-GPU-manager-per-process limitation.
Run with ALLOW_GPU_TESTS_IN_SUITE=1 or use ./tests/run_gpu_tests_isolated.sh
]]></skipped>
    </testcase>
    <testcase name="AllGPUTensorGetters" file="/home/duane/madrona_escape_room/tests/cpp/unit/test_c_api_gpu.cpp" line="40" status="run" result="skipped" time="0." timestamp="2025-08-15T20:51:04.615" classname="CApiGPUTest">
      <skipped message="/home/duane/madrona_escape_room/tests/cpp/fixtures/test_base.hpp:100&#x0A;GPU tests disabled in main suite due to one-GPU-manager-per-process limitation.&#x0A;Run with ALLOW_GPU_TESTS_IN_SUITE=1 or use ./tests/run_gpu_tests_isolated.sh&#x0A;"><![CDATA[/home/duane/madrona_escape_room/tests/cpp/fixtures/test_base.hpp:100
GPU tests disabled in main suite due to one-GPU-manager-per-process limitation.
Run with ALLOW_GPU_TESTS_IN_SUITE=1 or use ./tests/run_gpu_tests_isolated.sh
]]></skipped>
    </testcase>
    <testcase name="SimulationStep" file="/home/duane/madrona_escape_room/tests/cpp/unit/test_c_api_gpu.cpp" line="78" status="run" result="skipped" time="0." timestamp="2025-08-15T20:51:04.615" classname="CApiGPUTest">
      <skipped message="/home/duane/madrona_escape_room/tests/cpp/fixtures/test_base.hpp:100&#x0A;GPU tests disabled in main suite due to one-GPU-manager-per-process limitation.&#x0A;Run with ALLOW_GPU_TESTS_IN_SUITE=1 or use ./tests/run_gpu_tests_isolated.sh&#x0A;"><![CDATA[/home/duane/madrona_escape_room/tests/cpp/fixtures/test_base.hpp:100
GPU tests disabled in main suite due to one-GPU-manager-per-process limitation.
Run with ALLOW_GPU_TESTS_IN_SUITE=1 or use ./tests/run_gpu_tests_isolated.sh
]]></skipped>
    </testcase>
    <testcase name="MultipleSteps" file="/home/duane/madrona_escape_room/tests/cpp/unit/test_c_api_gpu.cpp" line="88" status="run" result="skipped" time="0." timestamp="2025-08-15T20:51:04.616" classname="CApiGPUTest">
      <skipped message="/home/duane/madrona_escape_room/tests/cpp/fixtures/test_base.hpp:100&#x0A;GPU tests disabled in main suite due to one-GPU-manager-per-process limitation.&#x0A;Run with ALLOW_GPU_TESTS_IN_SUITE=1 or use ./tests/run_gpu_tests_isolated.sh&#x0A;"><![CDATA[/home/duane/madrona_escape_room/tests/cpp/fixtures/test_base.hpp:100
GPU tests disabled in main suite due to one-GPU-manager-per-process limitation.
Run with ALLOW_GPU_TESTS_IN_SUITE=1 or use ./tests/run_gpu_tests_isolated.sh
]]></skipped>
    </testcase>
    <testcase name="LargeWorldCount" file="/home/duane/madrona_escape_room/tests/cpp/unit/test_c_api_gpu.cpp" line="100" status="run" result="skipped" time="0." timestamp="2025-08-15T20:51:04.616" classname="CApiGPUTest">
      <skipped message="/home/duane/madrona_escape_room/tests/cpp/fixtures/test_base.hpp:100&#x0A;GPU tests disabled in main suite due to one-GPU-manager-per-process limitation.&#x0A;Run with ALLOW_GPU_TESTS_IN_SUITE=1 or use ./tests/run_gpu_tests_isolated.sh&#x0A;"><![CDATA[/home/duane/madrona_escape_room/tests/cpp/fixtures/test_base.hpp:100
GPU tests disabled in main suite due to one-GPU-manager-per-process limitation.
Run with ALLOW_GPU_TESTS_IN_SUITE=1 or use ./tests/run_gpu_tests_isolated.sh
]]></skipped>
    </testcase>
    <testcase name="InvalidGPUDevice" file="/home/duane/madrona_escape_room/tests/cpp/unit/test_c_api_gpu.cpp" line="152" status="run" result="skipped" time="0." timestamp="2025-08-15T20:51:04.616" classname="CApiGPUTest">
      <skipped message="/home/duane/madrona_escape_room/tests/cpp/fixtures/test_base.hpp:100&#x0A;GPU tests disabled in main suite due to one-GPU-manager-per-process limitation.&#x0A;Run with ALLOW_GPU_TESTS_IN_SUITE=1 or use ./tests/run_gpu_tests_isolated.sh&#x0A;"><![CDATA[/home/duane/madrona_escape_room/tests/cpp/fixtures/test_base.hpp:100
GPU tests disabled in main suite due to one-GPU-manager-per-process limitation.
Run with ALLOW_GPU_TESTS_IN_SUITE=1 or use ./tests/run_gpu_tests_isolated.sh
]]></skipped>
    </testcase>
    <testcase name="GPUMemoryStress" file="/home/duane/madrona_escape_room/tests/cpp/unit/test_c_api_gpu.cpp" line="164" status="run" result="skipped" time="0." timestamp="2025-08-15T20:51:04.616" classname="CApiGPUTest">
      <skipped message="/home/duane/madrona_escape_room/tests/cpp/fixtures/test_base.hpp:100&#x0A;GPU tests disabled in main suite due to one-GPU-manager-per-process limitation.&#x0A;Run with ALLOW_GPU_TESTS_IN_SUITE=1 or use ./tests/run_gpu_tests_isolated.sh&#x0A;"><![CDATA[/home/duane/madrona_escape_room/tests/cpp/fixtures/test_base.hpp:100
GPU tests disabled in main suite due to one-GPU-manager-per-process limitation.
Run with ALLOW_GPU_TESTS_IN_SUITE=1 or use ./tests/run_gpu_tests_isolated.sh
]]></skipped>
    </testcase>
  </testsuite>
  <testsuite name="OptionParserTest" tests="18" failures="0" disabled="0" skipped="0" errors="0" time="0." timestamp="2025-08-15T20:51:04.616">
    <testcase name="ValidLoadArgument" file="/home/duane/madrona_escape_room/tests/cpp/unit/test_option_parser.cpp" line="102" status="run" result="completed" time="0." timestamp="2025-08-15T20:51:04.616" classname="OptionParserTest" />
    <testcase name="ValidReplayArgument" file="/home/duane/madrona_escape_room/tests/cpp/unit/test_option_parser.cpp" line="111" status="run" result="completed" time="0." timestamp="2025-08-15T20:51:04.616" classname="OptionParserTest" />
    <testcase name="ValidLoadWithRecord" file="/home/duane/madrona_escape_room/tests/cpp/unit/test_option_parser.cpp" line="120" status="run" result="completed" time="0." timestamp="2025-08-15T20:51:04.616" classname="OptionParserTest" />
    <testcase name="InvalidReplayWithRecord" file="/home/duane/madrona_escape_room/tests/cpp/unit/test_option_parser.cpp" line="132" status="run" result="completed" time="0." timestamp="2025-08-15T20:51:04.616" classname="OptionParserTest" />
    <testcase name="InvalidReplayWithLoad" file="/home/duane/madrona_escape_room/tests/cpp/unit/test_option_parser.cpp" line="144" status="run" result="completed" time="0." timestamp="2025-08-15T20:51:04.616" classname="OptionParserTest" />
    <testcase name="DefaultNumWorlds" file="/home/duane/madrona_escape_room/tests/cpp/unit/test_option_parser.cpp" line="156" status="run" result="completed" time="0." timestamp="2025-08-15T20:51:04.616" classname="OptionParserTest" />
    <testcase name="DefaultSeed" file="/home/duane/madrona_escape_room/tests/cpp/unit/test_option_parser.cpp" line="164" status="run" result="completed" time="0." timestamp="2025-08-15T20:51:04.616" classname="OptionParserTest" />
    <testcase name="TrackingOptions" file="/home/duane/madrona_escape_room/tests/cpp/unit/test_option_parser.cpp" line="173" status="run" result="completed" time="0." timestamp="2025-08-15T20:51:04.616" classname="OptionParserTest" />
    <testcase name="TrackingWithFile" file="/home/duane/madrona_escape_room/tests/cpp/unit/test_option_parser.cpp" line="183" status="run" result="completed" time="0." timestamp="2025-08-15T20:51:04.616" classname="OptionParserTest" />
    <testcase name="TrackingWorldAgent" file="/home/duane/madrona_escape_room/tests/cpp/unit/test_option_parser.cpp" line="193" status="run" result="completed" time="0." timestamp="2025-08-15T20:51:04.616" classname="OptionParserTest" />
    <testcase name="CudaOption" file="/home/duane/madrona_escape_room/tests/cpp/unit/test_option_parser.cpp" line="206" status="run" result="completed" time="0." timestamp="2025-08-15T20:51:04.616" classname="OptionParserTest" />
    <testcase name="NumericWorldCount" file="/home/duane/madrona_escape_room/tests/cpp/unit/test_option_parser.cpp" line="216" status="run" result="completed" time="0." timestamp="2025-08-15T20:51:04.616" classname="OptionParserTest" />
    <testcase name="InvalidNumericArgument" file="/home/duane/madrona_escape_room/tests/cpp/unit/test_option_parser.cpp" line="225" status="run" result="completed" time="0." timestamp="2025-08-15T20:51:04.616" classname="OptionParserTest" />
    <testcase name="ShortOptions" file="/home/duane/madrona_escape_room/tests/cpp/unit/test_option_parser.cpp" line="234" status="run" result="completed" time="0." timestamp="2025-08-15T20:51:04.616" classname="OptionParserTest" />
    <testcase name="HelpOption" file="/home/duane/madrona_escape_room/tests/cpp/unit/test_option_parser.cpp" line="247" status="run" result="completed" time="0." timestamp="2025-08-15T20:51:04.616" classname="OptionParserTest" />
    <testcase name="HideMenuOption" file="/home/duane/madrona_escape_room/tests/cpp/unit/test_option_parser.cpp" line="256" status="run" result="completed" time="0." timestamp="2025-08-15T20:51:04.616" classname="OptionParserTest" />
    <testcase name="MissingLoadArgument" file="/home/duane/madrona_escape_room/tests/cpp/unit/test_option_parser.cpp" line="265" status="run" result="completed" time="0." timestamp="2025-08-15T20:51:04.616" classname="OptionParserTest" />
    <testcase name="MissingRecordArgument" file="/home/duane/madrona_escape_room/tests/cpp/unit/test_option_parser.cpp" line="273" status="run" result="completed" time="0." timestamp="2025-08-15T20:51:04.616" classname="OptionParserTest" />
  </testsuite>
  <testsuite name="LevelUtilitiesTest" tests="11" failures="0" disabled="0" skipped="0" errors="0" time="0.01" timestamp="2025-08-15T20:51:04.616">
    <testcase name="LevelLoaderReadsBinaryFileCorrectly" file="/home/duane/madrona_escape_room/tests/cpp/unit/test_level_utilities.cpp" line="18" status="run" result="completed" time="0." timestamp="2025-08-15T20:51:04.616" classname="LevelUtilitiesTest" />
    <testcase name="LevelLoaderHandlesLargeDimensions" file="/home/duane/madrona_escape_room/tests/cpp/unit/test_level_utilities.cpp" line="32" status="run" result="completed" time="0." timestamp="2025-08-15T20:51:04.616" classname="LevelUtilitiesTest" />
    <testcase name="LevelLoaderReturnsEmptyForMissingFile" file="/home/duane/madrona_escape_room/tests/cpp/unit/test_level_utilities.cpp" line="46" status="run" result="completed" time="0." timestamp="2025-08-15T20:51:04.617" classname="LevelUtilitiesTest" />
    <testcase name="LevelLoaderHandlesTruncatedFile" file="/home/duane/madrona_escape_room/tests/cpp/unit/test_level_utilities.cpp" line="60" status="run" result="completed" time="0." timestamp="2025-08-15T20:51:04.617" classname="LevelUtilitiesTest" />
    <testcase name="LevelComparerVerifiesIdenticalCopies" file="/home/duane/madrona_escape_room/tests/cpp/unit/test_level_utilities.cpp" line="79" status="run" result="completed" time="0." timestamp="2025-08-15T20:51:04.617" classname="LevelUtilitiesTest" />
    <testcase name="LevelFileSizeMatchesStructSize" file="/home/duane/madrona_escape_room/tests/cpp/unit/test_level_utilities.cpp" line="97" status="run" result="completed" time="0." timestamp="2025-08-15T20:51:04.617" classname="LevelUtilitiesTest" />
    <testcase name="LevelDimensionsPreservedThroughSaveLoad" file="/home/duane/madrona_escape_room/tests/cpp/unit/test_level_utilities.cpp" line="108" status="run" result="completed" time="0." timestamp="2025-08-15T20:51:04.618" classname="LevelUtilitiesTest" />
    <testcase name="LevelDataRoundTripsThroughBinary" file="/home/duane/madrona_escape_room/tests/cpp/unit/test_level_utilities.cpp" line="133" status="run" result="completed" time="0." timestamp="2025-08-15T20:51:04.618" classname="LevelUtilitiesTest" />
    <testcase name="LoadedLevelInitializesManager" file="/home/duane/madrona_escape_room/tests/cpp/unit/test_level_utilities.cpp" line="153" status="run" result="completed" time="0.006" timestamp="2025-08-15T20:51:04.619" classname="LevelUtilitiesTest" />
    <testcase name="LevelComparerDetectsDimensionDifferences" file="/home/duane/madrona_escape_room/tests/cpp/unit/test_level_utilities.cpp" line="173" status="run" result="completed" time="0." timestamp="2025-08-15T20:51:04.625" classname="LevelUtilitiesTest" />
    <testcase name="ViewerOptionPrecedenceLogic" file="/home/duane/madrona_escape_room/tests/cpp/unit/test_level_utilities.cpp" line="197" status="run" result="completed" time="0." timestamp="2025-08-15T20:51:04.626" classname="LevelUtilitiesTest" />
  </testsuite>
  <testsuite name="RecordingUtilitiesTest" tests="12" failures="0" disabled="0" skipped="0" errors="0" time="0.006" timestamp="2025-08-15T20:51:04.626">
    <testcase name="CanParseReplayFileMetadata" file="/home/duane/madrona_escape_room/tests/cpp/unit/test_recording_utilities.cpp" line="65" status="run" result="completed" time="0." timestamp="2025-08-15T20:51:04.626" classname="RecordingUtilitiesTest" />
    <testcase name="CanExtractLevelFromRecordingFile" file="/home/duane/madrona_escape_room/tests/cpp/unit/test_recording_utilities.cpp" line="78" status="run" result="completed" time="0." timestamp="2025-08-15T20:51:04.627" classname="RecordingUtilitiesTest" />
    <testcase name="MetadataWorldCountUpdatesViewerConfig" file="/home/duane/madrona_escape_room/tests/cpp/unit/test_recording_utilities.cpp" line="91" status="run" result="completed" time="0." timestamp="2025-08-15T20:51:04.627" classname="RecordingUtilitiesTest" />
    <testcase name="CanExtractSeedFromMetadata" file="/home/duane/madrona_escape_room/tests/cpp/unit/test_recording_utilities.cpp" line="110" status="run" result="completed" time="0." timestamp="2025-08-15T20:51:04.627" classname="RecordingUtilitiesTest" />
    <testcase name="DetectsMalformedReplayFile" file="/home/duane/madrona_escape_room/tests/cpp/unit/test_recording_utilities.cpp" line="122" status="run" result="completed" time="0." timestamp="2025-08-15T20:51:04.628" classname="RecordingUtilitiesTest" />
    <testcase name="ReturnsInvalidMetadataForMissingFile" file="/home/duane/madrona_escape_room/tests/cpp/unit/test_recording_utilities.cpp" line="137" status="run" result="completed" time="0." timestamp="2025-08-15T20:51:04.628" classname="RecordingUtilitiesTest" />
    <testcase name="TrajectoryComparerDetectsIdenticalFiles" file="/home/duane/madrona_escape_room/tests/cpp/unit/test_recording_utilities.cpp" line="148" status="run" result="completed" time="0." timestamp="2025-08-15T20:51:04.628" classname="RecordingUtilitiesTest" />
    <testcase name="TrajectoryComparerVerifiesDeterministicOutput" file="/home/duane/madrona_escape_room/tests/cpp/unit/test_recording_utilities.cpp" line="171" status="run" result="completed" time="0.001" timestamp="2025-08-15T20:51:04.629" classname="RecordingUtilitiesTest" />
    <testcase name="CreatesPerWorldTrajectoryFiles" file="/home/duane/madrona_escape_room/tests/cpp/unit/test_recording_utilities.cpp" line="209" status="run" result="completed" time="0.001" timestamp="2025-08-15T20:51:04.630" classname="RecordingUtilitiesTest" />
    <testcase name="LevelComparerVerifiesEmbeddedMatchesSource" file="/home/duane/madrona_escape_room/tests/cpp/unit/test_recording_utilities.cpp" line="229" status="run" result="completed" time="0." timestamp="2025-08-15T20:51:04.632" classname="RecordingUtilitiesTest" />
    <testcase name="RecordingFileSizeMatchesExpectedFormat" file="/home/duane/madrona_escape_room/tests/cpp/unit/test_recording_utilities.cpp" line="266" status="run" result="completed" time="0." timestamp="2025-08-15T20:51:04.632" classname="RecordingUtilitiesTest" />
    <testcase name="TrajectoryParserExtractsCSVFields" file="/home/duane/madrona_escape_room/tests/cpp/unit/test_recording_utilities.cpp" line="284" status="run" result="completed" time="0." timestamp="2025-08-15T20:51:04.632" classname="RecordingUtilitiesTest" />
  </testsuite>
  <testsuite name="RecordReplayStateMachineTest" tests="16" failures="0" disabled="0" skipped="0" errors="0" time="0." timestamp="2025-08-15T20:51:04.633">
    <testcase name="InitialState" file="/home/duane/madrona_escape_room/tests/cpp/unit/test_viewer_core.cpp" line="159" status="run" result="completed" time="0." timestamp="2025-08-15T20:51:04.633" classname="RecordReplayStateMachineTest" />
    <testcase name="RecordingStartsPaused" file="/home/duane/madrona_escape_room/tests/cpp/unit/test_viewer_core.cpp" line="166" status="run" result="completed" time="0." timestamp="2025-08-15T20:51:04.633" classname="RecordReplayStateMachineTest" />
    <testcase name="ReplayStartsImmediately" file="/home/duane/madrona_escape_room/tests/cpp/unit/test_viewer_core.cpp" line="174" status="run" result="completed" time="0." timestamp="2025-08-15T20:51:04.633" classname="RecordReplayStateMachineTest" />
    <testcase name="StateGetters" file="/home/duane/madrona_escape_room/tests/cpp/unit/test_viewer_core.cpp" line="182" status="run" result="completed" time="0." timestamp="2025-08-15T20:51:04.633" classname="RecordReplayStateMachineTest" />
    <testcase name="IdleToRecording" file="/home/duane/madrona_escape_room/tests/cpp/unit/test_viewer_core.cpp" line="202" status="run" result="completed" time="0." timestamp="2025-08-15T20:51:04.633" classname="RecordReplayStateMachineTest" />
    <testcase name="RecordingPauseToggle" file="/home/duane/madrona_escape_room/tests/cpp/unit/test_viewer_core.cpp" line="208" status="run" result="completed" time="0." timestamp="2025-08-15T20:51:04.633" classname="RecordReplayStateMachineTest" />
    <testcase name="ReplayPauseToggle" file="/home/duane/madrona_escape_room/tests/cpp/unit/test_viewer_core.cpp" line="219" status="run" result="completed" time="0." timestamp="2025-08-15T20:51:04.633" classname="RecordReplayStateMachineTest" />
    <testcase name="ReplayFinish" file="/home/duane/madrona_escape_room/tests/cpp/unit/test_viewer_core.cpp" line="230" status="run" result="completed" time="0." timestamp="2025-08-15T20:51:04.633" classname="RecordReplayStateMachineTest" />
    <testcase name="StopToIdle" file="/home/duane/madrona_escape_room/tests/cpp/unit/test_viewer_core.cpp" line="236" status="run" result="completed" time="0." timestamp="2025-08-15T20:51:04.633" classname="RecordReplayStateMachineTest" />
    <testcase name="InvalidTransitions" file="/home/duane/madrona_escape_room/tests/cpp/unit/test_viewer_core.cpp" line="256" status="run" result="completed" time="0." timestamp="2025-08-15T20:51:04.633" classname="RecordReplayStateMachineTest" />
    <testcase name="MultipleStarts" file="/home/duane/madrona_escape_room/tests/cpp/unit/test_viewer_core.cpp" line="268" status="run" result="completed" time="0." timestamp="2025-08-15T20:51:04.633" classname="RecordReplayStateMachineTest" />
    <testcase name="PauseInInvalidStates" file="/home/duane/madrona_escape_room/tests/cpp/unit/test_viewer_core.cpp" line="279" status="run" result="completed" time="0." timestamp="2025-08-15T20:51:04.633" classname="RecordReplayStateMachineTest" />
    <testcase name="FinishInInvalidStates" file="/home/duane/madrona_escape_room/tests/cpp/unit/test_viewer_core.cpp" line="291" status="run" result="completed" time="0." timestamp="2025-08-15T20:51:04.633" classname="RecordReplayStateMachineTest" />
    <testcase name="ShouldRecordFrame" file="/home/duane/madrona_escape_room/tests/cpp/unit/test_viewer_core.cpp" line="302" status="run" result="completed" time="0." timestamp="2025-08-15T20:51:04.633" classname="RecordReplayStateMachineTest" />
    <testcase name="ShouldAdvanceReplay" file="/home/duane/madrona_escape_room/tests/cpp/unit/test_viewer_core.cpp" line="315" status="run" result="completed" time="0." timestamp="2025-08-15T20:51:04.633" classname="RecordReplayStateMachineTest" />
    <testcase name="RecordingWhilePaused" file="/home/duane/madrona_escape_room/tests/cpp/unit/test_viewer_core.cpp" line="331" status="run" result="completed" time="0." timestamp="2025-08-15T20:51:04.633" classname="RecordReplayStateMachineTest" />
  </testsuite>
  <testsuite name="FrameActionManagerTest" tests="9" failures="0" disabled="0" skipped="0" errors="0" time="0." timestamp="2025-08-15T20:51:04.633">
    <testcase name="DefaultValues" file="/home/duane/madrona_escape_room/tests/cpp/unit/test_viewer_core.cpp" line="412" status="run" result="completed" time="0." timestamp="2025-08-15T20:51:04.633" classname="FrameActionManagerTest" />
    <testcase name="CorrectSize" file="/home/duane/madrona_escape_room/tests/cpp/unit/test_viewer_core.cpp" line="423" status="run" result="completed" time="0." timestamp="2025-08-15T20:51:04.633" classname="FrameActionManagerTest" />
    <testcase name="HasChangesFlag" file="/home/duane/madrona_escape_room/tests/cpp/unit/test_viewer_core.cpp" line="431" status="run" result="completed" time="0." timestamp="2025-08-15T20:51:04.633" classname="FrameActionManagerTest" />
    <testcase name="SetSingleAction" file="/home/duane/madrona_escape_room/tests/cpp/unit/test_viewer_core.cpp" line="442" status="run" result="completed" time="0." timestamp="2025-08-15T20:51:04.633" classname="FrameActionManagerTest" />
    <testcase name="SetMultipleActions" file="/home/duane/madrona_escape_room/tests/cpp/unit/test_viewer_core.cpp" line="456" status="run" result="completed" time="0." timestamp="2025-08-15T20:51:04.633" classname="FrameActionManagerTest" />
    <testcase name="ResetToDefaults" file="/home/duane/madrona_escape_room/tests/cpp/unit/test_viewer_core.cpp" line="484" status="run" result="completed" time="0." timestamp="2025-08-15T20:51:04.633" classname="FrameActionManagerTest" />
    <testcase name="OutOfBoundsHandling" file="/home/duane/madrona_escape_room/tests/cpp/unit/test_viewer_core.cpp" line="500" status="run" result="completed" time="0." timestamp="2025-08-15T20:51:04.633" classname="FrameActionManagerTest" />
    <testcase name="ActionPacking" file="/home/duane/madrona_escape_room/tests/cpp/unit/test_viewer_core.cpp" line="515" status="run" result="completed" time="0." timestamp="2025-08-15T20:51:04.633" classname="FrameActionManagerTest" />
    <testcase name="IndependentWorlds" file="/home/duane/madrona_escape_room/tests/cpp/unit/test_viewer_core.cpp" line="525" status="run" result="completed" time="0." timestamp="2025-08-15T20:51:04.633" classname="FrameActionManagerTest" />
  </testsuite>
  <testsuite name="ViewerCoreTest" tests="20" failures="0" disabled="0" skipped="0" errors="0" time="0." timestamp="2025-08-15T20:51:04.633">
    <testcase name="ConfigParsing" file="/home/duane/madrona_escape_room/tests/cpp/unit/test_viewer_core.cpp" line="741" status="run" result="completed" time="0." timestamp="2025-08-15T20:51:04.633" classname="ViewerCoreTest" />
    <testcase name="RecordModeInit" file="/home/duane/madrona_escape_room/tests/cpp/unit/test_viewer_core.cpp" line="751" status="run" result="completed" time="0." timestamp="2025-08-15T20:51:04.633" classname="ViewerCoreTest" />
    <testcase name="ReplayModeInit" file="/home/duane/madrona_escape_room/tests/cpp/unit/test_viewer_core.cpp" line="761" status="run" result="completed" time="0." timestamp="2025-08-15T20:51:04.633" classname="ViewerCoreTest" />
    <testcase name="NormalModeInit" file="/home/duane/madrona_escape_room/tests/cpp/unit/test_viewer_core.cpp" line="771" status="run" result="completed" time="0." timestamp="2025-08-15T20:51:04.633" classname="ViewerCoreTest" />
    <testcase name="MovementKeys" file="/home/duane/madrona_escape_room/tests/cpp/unit/test_viewer_core.cpp" line="780" status="run" result="completed" time="0." timestamp="2025-08-15T20:51:04.633" classname="ViewerCoreTest" />
    <testcase name="RotationKeys" file="/home/duane/madrona_escape_room/tests/cpp/unit/test_viewer_core.cpp" line="796" status="run" result="completed" time="0." timestamp="2025-08-15T20:51:04.633" classname="ViewerCoreTest" />
    <testcase name="ShiftModifier" file="/home/duane/madrona_escape_room/tests/cpp/unit/test_viewer_core.cpp" line="810" status="run" result="completed" time="0." timestamp="2025-08-15T20:51:04.633" classname="ViewerCoreTest" />
    <testcase name="SpaceKeyPause" file="/home/duane/madrona_escape_room/tests/cpp/unit/test_viewer_core.cpp" line="825" status="run" result="completed" time="0." timestamp="2025-08-15T20:51:04.633" classname="ViewerCoreTest" />
    <testcase name="ResetKey" file="/home/duane/madrona_escape_room/tests/cpp/unit/test_viewer_core.cpp" line="839" status="run" result="completed" time="0." timestamp="2025-08-15T20:51:04.633" classname="ViewerCoreTest" />
    <testcase name="SingleKeyMovement" file="/home/duane/madrona_escape_room/tests/cpp/unit/test_viewer_core.cpp" line="852" status="run" result="completed" time="0." timestamp="2025-08-15T20:51:04.633" classname="ViewerCoreTest" />
    <testcase name="DiagonalMovement" file="/home/duane/madrona_escape_room/tests/cpp/unit/test_viewer_core.cpp" line="872" status="run" result="completed" time="0." timestamp="2025-08-15T20:51:04.633" classname="ViewerCoreTest" />
    <testcase name="StopWhenNoKeys" file="/home/duane/madrona_escape_room/tests/cpp/unit/test_viewer_core.cpp" line="888" status="run" result="completed" time="0." timestamp="2025-08-15T20:51:04.633" classname="ViewerCoreTest" />
    <testcase name="CompleteRecordingCycle" file="/home/duane/madrona_escape_room/tests/cpp/unit/test_viewer_core.cpp" line="899" status="run" result="completed" time="0." timestamp="2025-08-15T20:51:04.633" classname="ViewerCoreTest" />
    <testcase name="ActionsResetPerFrame" file="/home/duane/madrona_escape_room/tests/cpp/unit/test_viewer_core.cpp" line="933" status="run" result="completed" time="0." timestamp="2025-08-15T20:51:04.633" classname="ViewerCoreTest" />
    <testcase name="CompleteReplayCycle" file="/home/duane/madrona_escape_room/tests/cpp/unit/test_viewer_core.cpp" line="953" status="run" result="completed" time="0." timestamp="2025-08-15T20:51:04.633" classname="ViewerCoreTest" />
    <testcase name="PauseDuringReplay" file="/home/duane/madrona_escape_room/tests/cpp/unit/test_viewer_core.cpp" line="979" status="run" result="completed" time="0." timestamp="2025-08-15T20:51:04.633" classname="ViewerCoreTest" />
    <testcase name="InputIgnoredDuringReplay" file="/home/duane/madrona_escape_room/tests/cpp/unit/test_viewer_core.cpp" line="1005" status="run" result="completed" time="0." timestamp="2025-08-15T20:51:04.633" classname="ViewerCoreTest" />
    <testcase name="MultipleWorldsIndependent" file="/home/duane/madrona_escape_room/tests/cpp/unit/test_viewer_core.cpp" line="1024" status="run" result="completed" time="0." timestamp="2025-08-15T20:51:04.633" classname="ViewerCoreTest" />
    <testcase name="RecordReplayWithTrajectoryVerification" file="/home/duane/madrona_escape_room/tests/cpp/unit/test_viewer_core.cpp" line="1052" status="run" result="completed" time="0." timestamp="2025-08-15T20:51:04.633" classname="ViewerCoreTest" />
    <testcase name="MultiWorldRecording" file="/home/duane/madrona_escape_room/tests/cpp/unit/test_viewer_core.cpp" line="1137" status="run" result="completed" time="0." timestamp="2025-08-15T20:51:04.633" classname="ViewerCoreTest" />
  </testsuite>
  <testsuite name="ViewerCoreTrajectoryTest" tests="6" failures="0" disabled="0" skipped="0" errors="0" time="1.06" timestamp="2025-08-15T20:51:04.633">
    <testcase name="DeterministicReplayWithTrajectory" file="/home/duane/madrona_escape_room/tests/cpp/unit/test_viewercore_trajectory.cpp" line="59" status="run" result="completed" time="0.274" timestamp="2025-08-15T20:51:04.633" classname="ViewerCoreTrajectoryTest" />
    <testcase name="StateMachineTransitions" file="/home/duane/madrona_escape_room/tests/cpp/unit/test_viewercore_trajectory.cpp" line="304" status="run" result="completed" time="0.005" timestamp="2025-08-15T20:51:04.908" classname="ViewerCoreTrajectoryTest" />
    <testcase name="ActionComputationFromInput" file="/home/duane/madrona_escape_room/tests/cpp/unit/test_viewercore_trajectory.cpp" line="371" status="run" result="completed" time="0.005" timestamp="2025-08-15T20:51:04.914" classname="ViewerCoreTrajectoryTest" />
    <testcase name="TrajectoryTrackingToggle" file="/home/duane/madrona_escape_room/tests/cpp/unit/test_viewercore_trajectory.cpp" line="472" status="run" result="completed" time="0.004" timestamp="2025-08-15T20:51:04.919" classname="ViewerCoreTrajectoryTest" />
    <testcase name="TrajectoryPointsMatchRecordedFrames" file="/home/duane/madrona_escape_room/tests/cpp/unit/test_viewercore_trajectory.cpp" line="517" status="run" result="completed" time="0.475" timestamp="2025-08-15T20:51:04.924" classname="ViewerCoreTrajectoryTest" />
    <testcase name="DiagnoseFrameCountMismatch" file="/home/duane/madrona_escape_room/tests/cpp/unit/test_viewercore_trajectory.cpp" line="714" status="run" result="completed" time="0.294" timestamp="2025-08-15T20:51:05.399" classname="ViewerCoreTrajectoryTest" />
  </testsuite>
  <testsuite name="DirectCppTest" tests="2" failures="0" disabled="0" skipped="0" errors="0" time="0.014" timestamp="2025-08-15T20:51:05.694">
    <testcase name="CreateManagerDirectly" file="/home/duane/madrona_escape_room/tests/cpp/unit/test_direct_cpp.cpp" line="8" status="run" result="completed" time="0.008" timestamp="2025-08-15T20:51:05.694" classname="DirectCppTest" />
    <testcase name="StepSimulation" file="/home/duane/madrona_escape_room/tests/cpp/unit/test_direct_cpp.cpp" line="37" status="run" result="completed" time="0.006" timestamp="2025-08-15T20:51:05.703" classname="DirectCppTest" />
  </testsuite>
  <testsuite name="DirectViewerCoreTest" tests="2" failures="0" disabled="0" skipped="0" errors="0" time="0.01" timestamp="2025-08-15T20:51:05.709">
    <testcase name="CreateViewerCore" file="/home/duane/madrona_escape_room/tests/cpp/unit/test_direct_cpp.cpp" line="72" status="run" result="completed" time="0.004" timestamp="2025-08-15T20:51:05.709" classname="DirectViewerCoreTest" />
    <testcase name="TrajectoryTracking" file="/home/duane/madrona_escape_room/tests/cpp/unit/test_direct_cpp.cpp" line="78" status="run" result="completed" time="0.005" timestamp="2025-08-15T20:51:05.714" classname="DirectViewerCoreTest" />
  </testsuite>
  <testsuite name="ManagerIntegrationTest" tests="8" failures="2" disabled="0" skipped="0" errors="0" time="0.124" timestamp="2025-08-15T20:51:05.719">
    <testcase name="ManagerCreationWithLevelFile" file="/home/duane/madrona_escape_room/tests/cpp/integration/test_viewer_integration.cpp" line="26" status="run" result="completed" time="0.009" timestamp="2025-08-15T20:51:05.719" classname="ManagerIntegrationTest" />
    <testcase name="ManagerRecordingAPI" file="/home/duane/madrona_escape_room/tests/cpp/integration/test_viewer_integration.cpp" line="49" status="run" result="completed" time="0.025" timestamp="2025-08-15T20:51:05.728" classname="ManagerIntegrationTest" />
    <testcase name="ManagerReplayAPI" file="/home/duane/madrona_escape_room/tests/cpp/integration/test_viewer_integration.cpp" line="88" status="run" result="completed" time="0.009" timestamp="2025-08-15T20:51:05.754" classname="ManagerIntegrationTest">
      <failure message="/home/duane/madrona_escape_room/tests/cpp/integration/test_viewer_integration.cpp:121&#x0A;Expected equality of these values:&#x0A;  mer_read_replay_metadata(&quot;test.rec&quot;, &amp;metadata)&#x0A;    Which is: -7&#x0A;  MER_SUCCESS&#x0A;    Which is: 0&#x0A;" type=""><![CDATA[/home/duane/madrona_escape_room/tests/cpp/integration/test_viewer_integration.cpp:121
Expected equality of these values:
  mer_read_replay_metadata("test.rec", &metadata)
    Which is: -7
  MER_SUCCESS
    Which is: 0
]]></failure>
    </testcase>
    <testcase name="ManagerTrajectoryLogging" file="/home/duane/madrona_escape_room/tests/cpp/integration/test_viewer_integration.cpp" line="146" status="run" result="completed" time="0.015" timestamp="2025-08-15T20:51:05.764" classname="ManagerIntegrationTest" />
    <testcase name="MockViewerPauseResume" file="/home/duane/madrona_escape_room/tests/cpp/integration/test_viewer_integration.cpp" line="187" status="run" result="completed" time="0.013" timestamp="2025-08-15T20:51:05.779" classname="ManagerIntegrationTest" />
    <testcase name="MockViewerResetInput" file="/home/duane/madrona_escape_room/tests/cpp/integration/test_viewer_integration.cpp" line="266" status="run" result="completed" time="0.023" timestamp="2025-08-15T20:51:05.793" classname="ManagerIntegrationTest">
      <failure message="/home/duane/madrona_escape_room/tests/cpp/integration/test_viewer_integration.cpp:311&#x0A;Expected: (resets.size()) &gt;= (1), actual: 0 vs 1&#x0A;" type=""><![CDATA[/home/duane/madrona_escape_room/tests/cpp/integration/test_viewer_integration.cpp:311
Expected: (resets.size()) >= (1), actual: 0 vs 1
]]></failure>
    </testcase>
    <testcase name="MockViewerTrajectoryToggle" file="/home/duane/madrona_escape_room/tests/cpp/integration/test_viewer_integration.cpp" line="318" status="run" result="completed" time="0.017" timestamp="2025-08-15T20:51:05.817" classname="ManagerIntegrationTest" />
    <testcase name="ManagerEmbeddedLevelRecording" file="/home/duane/madrona_escape_room/tests/cpp/integration/test_viewer_integration.cpp" line="388" status="run" result="completed" time="0.008" timestamp="2025-08-15T20:51:05.835" classname="ManagerIntegrationTest" />
  </testsuite>
  <testsuite name="ViewerInputMappingTest" tests="8" failures="0" disabled="0" skipped="0" errors="0" time="0.076" timestamp="2025-08-15T20:51:05.844">
    <testcase name="WASDToMovementActions" file="/home/duane/madrona_escape_room/tests/cpp/integration/test_viewer_input.cpp" line="107" status="run" result="completed" time="0.009" timestamp="2025-08-15T20:51:05.844" classname="ViewerInputMappingTest" />
    <testcase name="DiagonalInputMapping" file="/home/duane/madrona_escape_room/tests/cpp/integration/test_viewer_input.cpp" line="136" status="run" result="completed" time="0.01" timestamp="2025-08-15T20:51:05.853" classname="ViewerInputMappingTest" />
    <testcase name="QERotationMapping" file="/home/duane/madrona_escape_room/tests/cpp/integration/test_viewer_input.cpp" line="165" status="run" result="completed" time="0.009" timestamp="2025-08-15T20:51:05.864" classname="ViewerInputMappingTest" />
    <testcase name="ShiftSpeedModifier" file="/home/duane/madrona_escape_room/tests/cpp/integration/test_viewer_input.cpp" line="187" status="run" result="completed" time="0.008" timestamp="2025-08-15T20:51:05.873" classname="ViewerInputMappingTest" />
    <testcase name="ShiftRotationModifier" file="/home/duane/madrona_escape_room/tests/cpp/integration/test_viewer_input.cpp" line="207" status="run" result="completed" time="0.01" timestamp="2025-08-15T20:51:05.882" classname="ViewerInputMappingTest" />
    <testcase name="RKeyTriggersReset" file="/home/duane/madrona_escape_room/tests/cpp/integration/test_viewer_input.cpp" line="238" status="run" result="completed" time="0.007" timestamp="2025-08-15T20:51:05.892" classname="ViewerInputMappingTest" />
    <testcase name="ComplexInputCombinations" file="/home/duane/madrona_escape_room/tests/cpp/integration/test_viewer_input.cpp" line="270" status="run" result="completed" time="0.008" timestamp="2025-08-15T20:51:05.899" classname="ViewerInputMappingTest" />
    <testcase name="MultiFrameInputSequence" file="/home/duane/madrona_escape_room/tests/cpp/integration/test_viewer_input.cpp" line="295" status="run" result="completed" time="0.012" timestamp="2025-08-15T20:51:05.907" classname="ViewerInputMappingTest" />
  </testsuite>
  <testsuite name="OptionParsingAndFileErrorTest" tests="10" failures="2" disabled="0" skipped="1" errors="0" time="5.022" timestamp="2025-08-15T20:51:05.920">
    <testcase name="MissingLevelFile" file="/home/duane/madrona_escape_room/tests/cpp/integration/test_viewer_errors.cpp" line="92" status="run" result="completed" time="0." timestamp="2025-08-15T20:51:05.920" classname="OptionParsingAndFileErrorTest">
      <failure message="/home/duane/madrona_escape_room/tests/cpp/integration/test_viewer_errors.cpp:107&#x0A;Value of: lvl_file.good()&#x0A;  Actual: false&#x0A;Expected: true&#x0A;Failed to read test level file&#x0A;" type=""><![CDATA[/home/duane/madrona_escape_room/tests/cpp/integration/test_viewer_errors.cpp:107
Value of: lvl_file.good()
  Actual: false
Expected: true
Failed to read test level file
]]></failure>
    </testcase>
    <testcase name="CorruptRecordingFile" file="/home/duane/madrona_escape_room/tests/cpp/integration/test_viewer_errors.cpp" line="122" status="run" result="completed" time="0." timestamp="2025-08-15T20:51:05.920" classname="OptionParsingAndFileErrorTest" />
    <testcase name="InvalidViewerOptionCombinations" file="/home/duane/madrona_escape_room/tests/cpp/integration/test_viewer_errors.cpp" line="138" status="run" result="completed" time="0." timestamp="2025-08-15T20:51:05.920" classname="OptionParsingAndFileErrorTest" />
    <testcase name="InvalidNumericArguments" file="/home/duane/madrona_escape_room/tests/cpp/integration/test_viewer_errors.cpp" line="201" status="run" result="completed" time="0." timestamp="2025-08-15T20:51:05.920" classname="OptionParsingAndFileErrorTest" />
    <testcase name="FileExtensionValidation" file="/home/duane/madrona_escape_room/tests/cpp/integration/test_viewer_errors.cpp" line="239" status="run" result="completed" time="0." timestamp="2025-08-15T20:51:05.920" classname="OptionParsingAndFileErrorTest" />
    <testcase name="ReplayMetadataMismatch" file="/home/duane/madrona_escape_room/tests/cpp/integration/test_viewer_errors.cpp" line="288" status="run" result="completed" time="0.009" timestamp="2025-08-15T20:51:05.920" classname="OptionParsingAndFileErrorTest">
      <failure message="/home/duane/madrona_escape_room/tests/cpp/integration/test_viewer_errors.cpp:314&#x0A;Expected equality of these values:&#x0A;  mer_read_replay_metadata(&quot;test.rec&quot;, &amp;metadata)&#x0A;    Which is: -7&#x0A;  MER_SUCCESS&#x0A;    Which is: 0&#x0A;" type=""><![CDATA[/home/duane/madrona_escape_room/tests/cpp/integration/test_viewer_errors.cpp:314
Expected equality of these values:
  mer_read_replay_metadata("test.rec", &metadata)
    Which is: -7
  MER_SUCCESS
    Which is: 0
]]></failure>
    </testcase>
    <testcase name="ManagerGPUInitFailure" file="/home/duane/madrona_escape_room/tests/cpp/integration/test_viewer_errors.cpp" line="328" status="run" result="skipped" time="0." timestamp="2025-08-15T20:51:05.930" classname="OptionParsingAndFileErrorTest">
      <skipped message="/home/duane/madrona_escape_room/tests/cpp/integration/test_viewer_errors.cpp:332&#x0A;GPU tests disabled&#x0A;"><![CDATA[/home/duane/madrona_escape_room/tests/cpp/integration/test_viewer_errors.cpp:332
GPU tests disabled
]]></skipped>
    </testcase>
    <testcase name="TrajectoryFileWriteError" file="/home/duane/madrona_escape_room/tests/cpp/integration/test_viewer_errors.cpp" line="349" status="run" result="completed" time="0.005" timestamp="2025-08-15T20:51:05.930" classname="OptionParsingAndFileErrorTest" />
    <testcase name="LargeRecordingFileCreation" file="/home/duane/madrona_escape_room/tests/cpp/integration/test_viewer_errors.cpp" line="380" status="run" result="completed" time="5.006" timestamp="2025-08-15T20:51:05.936" classname="OptionParsingAndFileErrorTest" />
    <testcase name="UnknownCommandLineOptions" file="/home/duane/madrona_escape_room/tests/cpp/integration/test_viewer_errors.cpp" line="415" status="run" result="completed" time="0." timestamp="2025-08-15T20:51:10.942" classname="OptionParsingAndFileErrorTest" />
  </testsuite>
  <testsuite name="SimulatedViewerWorkflowTest" tests="5" failures="4" disabled="0" skipped="0" errors="0" time="0.412" timestamp="2025-08-15T20:51:10.942">
    <testcase name="MockViewerRecordingSession" file="/home/duane/madrona_escape_room/tests/cpp/e2e/test_viewer_workflows.cpp" line="118" status="run" result="completed" time="0.02" timestamp="2025-08-15T20:51:10.942" classname="SimulatedViewerWorkflowTest" />
    <testcase name="ManagerReplayDeterminism" file="/home/duane/madrona_escape_room/tests/cpp/e2e/test_viewer_workflows.cpp" line="188" status="run" result="completed" time="0.013" timestamp="2025-08-15T20:51:10.963" classname="SimulatedViewerWorkflowTest">
      <failure message="/home/duane/madrona_escape_room/tests/cpp/e2e/test_viewer_workflows.cpp:236&#x0A;Expected equality of these values:&#x0A;  mer_read_replay_metadata(&quot;demo.rec&quot;, &amp;metadata)&#x0A;    Which is: -7&#x0A;  MER_SUCCESS&#x0A;    Which is: 0&#x0A;" type=""><![CDATA[/home/duane/madrona_escape_room/tests/cpp/e2e/test_viewer_workflows.cpp:236
Expected equality of these values:
  mer_read_replay_metadata("demo.rec", &metadata)
    Which is: -7
  MER_SUCCESS
    Which is: 0
]]></failure>
    </testcase>
    <testcase name="MockViewerTrajectoryWorkflow" file="/home/duane/madrona_escape_room/tests/cpp/e2e/test_viewer_workflows.cpp" line="293" status="run" result="completed" time="0.061" timestamp="2025-08-15T20:51:10.976" classname="SimulatedViewerWorkflowTest">
      <failure message="/home/duane/madrona_escape_room/tests/cpp/e2e/test_viewer_workflows.cpp:338&#x0A;Value of: mgr.isTrajectoryEnabled()&#x0A;  Actual: false&#x0A;Expected: true&#x0A;" type=""><![CDATA[/home/duane/madrona_escape_room/tests/cpp/e2e/test_viewer_workflows.cpp:338
Value of: mgr.isTrajectoryEnabled()
  Actual: false
Expected: true
]]></failure>
      <failure message="/home/duane/madrona_escape_room/tests/cpp/e2e/test_viewer_workflows.cpp:339&#x0A;Expected equality of these values:&#x0A;  mgr.getTrajectoryWorld()&#x0A;    Which is: -1&#x0A;  2&#x0A;" type=""><![CDATA[/home/duane/madrona_escape_room/tests/cpp/e2e/test_viewer_workflows.cpp:339
Expected equality of these values:
  mgr.getTrajectoryWorld()
    Which is: -1
  2
]]></failure>
      <failure message="/home/duane/madrona_escape_room/tests/cpp/e2e/test_viewer_workflows.cpp:386&#x0A;Value of: file_manager_-&gt;fileExists(&quot;live_trajectory.csv&quot;)&#x0A;  Actual: false&#x0A;Expected: true&#x0A;" type=""><![CDATA[/home/duane/madrona_escape_room/tests/cpp/e2e/test_viewer_workflows.cpp:386
Value of: file_manager_->fileExists("live_trajectory.csv")
  Actual: false
Expected: true
]]></failure>
      <failure message="/home/duane/madrona_escape_room/tests/cpp/e2e/test_viewer_workflows.cpp:388&#x0A;Expected: (trajectory.size()) &gt; (0), actual: 0 vs 0&#x0A;" type=""><![CDATA[/home/duane/madrona_escape_room/tests/cpp/e2e/test_viewer_workflows.cpp:388
Expected: (trajectory.size()) > (0), actual: 0 vs 0
]]></failure>
      <failure message="/home/duane/madrona_escape_room/tests/cpp/e2e/test_viewer_workflows.cpp:398&#x0A;Expected: (resets.size()) &gt;= (1), actual: 0 vs 1&#x0A;" type=""><![CDATA[/home/duane/madrona_escape_room/tests/cpp/e2e/test_viewer_workflows.cpp:398
Expected: (resets.size()) >= (1), actual: 0 vs 1
]]></failure>
      <failure message="/home/duane/madrona_escape_room/tests/cpp/e2e/test_viewer_workflows.cpp:406&#x0A;Value of: found_world2_reset&#x0A;  Actual: false&#x0A;Expected: true&#x0A;" type=""><![CDATA[/home/duane/madrona_escape_room/tests/cpp/e2e/test_viewer_workflows.cpp:406
Value of: found_world2_reset
  Actual: false
Expected: true
]]></failure>
    </testcase>
    <testcase name="ManagerMultiWorldRecording" file="/home/duane/madrona_escape_room/tests/cpp/e2e/test_viewer_workflows.cpp" line="410" status="run" result="completed" time="0.279" timestamp="2025-08-15T20:51:11.038" classname="SimulatedViewerWorkflowTest">
      <failure message="/home/duane/madrona_escape_room/tests/cpp/e2e/test_viewer_workflows.cpp:493&#x0A;Expected: (resets.size()) &gt;= (3), actual: 0 vs 3&#x0A;" type=""><![CDATA[/home/duane/madrona_escape_room/tests/cpp/e2e/test_viewer_workflows.cpp:493
Expected: (resets.size()) >= (3), actual: 0 vs 3
]]></failure>
      <failure message="/home/duane/madrona_escape_room/tests/cpp/e2e/test_viewer_workflows.cpp:497&#x0A;Expected: (recorder.getActionCount()) &gt; (8 * 10), actual: 26 vs 80&#x0A;" type=""><![CDATA[/home/duane/madrona_escape_room/tests/cpp/e2e/test_viewer_workflows.cpp:497
Expected: (recorder.getActionCount()) > (8 * 10), actual: 26 vs 80
]]></failure>
    </testcase>
    <testcase name="MockViewerPauseDuringRecording" file="/home/duane/madrona_escape_room/tests/cpp/e2e/test_viewer_workflows.cpp" line="501" status="run" result="completed" time="0.036" timestamp="2025-08-15T20:51:11.318" classname="SimulatedViewerWorkflowTest">
      <failure message="/home/duane/madrona_escape_room/tests/cpp/e2e/test_viewer_workflows.cpp:586&#x0A;Expected: (recorder.getActionCount()) &gt;= (15 * 2), actual: 25 vs 30&#x0A;" type=""><![CDATA[/home/duane/madrona_escape_room/tests/cpp/e2e/test_viewer_workflows.cpp:586
Expected: (recorder.getActionCount()) >= (15 * 2), actual: 25 vs 30
]]></failure>
    </testcase>
  </testsuite>
  <testsuite name="GPUWorldCounts/CApiGPUWorldCountTest" tests="5" failures="0" disabled="0" skipped="5" errors="0" time="0." timestamp="2025-08-15T20:51:11.355">
    <testcase name="VariousGPUWorldCounts/0" value_param="32" file="/home/duane/madrona_escape_room/tests/cpp/unit/test_c_api_gpu.cpp" line="131" status="run" result="skipped" time="0." timestamp="2025-08-15T20:51:11.355" classname="GPUWorldCounts/CApiGPUWorldCountTest">
      <skipped message="/home/duane/madrona_escape_room/tests/cpp/fixtures/test_base.hpp:100&#x0A;GPU tests disabled in main suite due to one-GPU-manager-per-process limitation.&#x0A;Run with ALLOW_GPU_TESTS_IN_SUITE=1 or use ./tests/run_gpu_tests_isolated.sh&#x0A;"><![CDATA[/home/duane/madrona_escape_room/tests/cpp/fixtures/test_base.hpp:100
GPU tests disabled in main suite due to one-GPU-manager-per-process limitation.
Run with ALLOW_GPU_TESTS_IN_SUITE=1 or use ./tests/run_gpu_tests_isolated.sh
]]></skipped>
    </testcase>
    <testcase name="VariousGPUWorldCounts/1" value_param="64" file="/home/duane/madrona_escape_room/tests/cpp/unit/test_c_api_gpu.cpp" line="131" status="run" result="skipped" time="0." timestamp="2025-08-15T20:51:11.355" classname="GPUWorldCounts/CApiGPUWorldCountTest">
      <skipped message="/home/duane/madrona_escape_room/tests/cpp/fixtures/test_base.hpp:100&#x0A;GPU tests disabled in main suite due to one-GPU-manager-per-process limitation.&#x0A;Run with ALLOW_GPU_TESTS_IN_SUITE=1 or use ./tests/run_gpu_tests_isolated.sh&#x0A;"><![CDATA[/home/duane/madrona_escape_room/tests/cpp/fixtures/test_base.hpp:100
GPU tests disabled in main suite due to one-GPU-manager-per-process limitation.
Run with ALLOW_GPU_TESTS_IN_SUITE=1 or use ./tests/run_gpu_tests_isolated.sh
]]></skipped>
    </testcase>
    <testcase name="VariousGPUWorldCounts/2" value_param="128" file="/home/duane/madrona_escape_room/tests/cpp/unit/test_c_api_gpu.cpp" line="131" status="run" result="skipped" time="0." timestamp="2025-08-15T20:51:11.355" classname="GPUWorldCounts/CApiGPUWorldCountTest">
      <skipped message="/home/duane/madrona_escape_room/tests/cpp/fixtures/test_base.hpp:100&#x0A;GPU tests disabled in main suite due to one-GPU-manager-per-process limitation.&#x0A;Run with ALLOW_GPU_TESTS_IN_SUITE=1 or use ./tests/run_gpu_tests_isolated.sh&#x0A;"><![CDATA[/home/duane/madrona_escape_room/tests/cpp/fixtures/test_base.hpp:100
GPU tests disabled in main suite due to one-GPU-manager-per-process limitation.
Run with ALLOW_GPU_TESTS_IN_SUITE=1 or use ./tests/run_gpu_tests_isolated.sh
]]></skipped>
    </testcase>
    <testcase name="VariousGPUWorldCounts/3" value_param="256" file="/home/duane/madrona_escape_room/tests/cpp/unit/test_c_api_gpu.cpp" line="131" status="run" result="skipped" time="0." timestamp="2025-08-15T20:51:11.355" classname="GPUWorldCounts/CApiGPUWorldCountTest">
      <skipped message="/home/duane/madrona_escape_room/tests/cpp/fixtures/test_base.hpp:100&#x0A;GPU tests disabled in main suite due to one-GPU-manager-per-process limitation.&#x0A;Run with ALLOW_GPU_TESTS_IN_SUITE=1 or use ./tests/run_gpu_tests_isolated.sh&#x0A;"><![CDATA[/home/duane/madrona_escape_room/tests/cpp/fixtures/test_base.hpp:100
GPU tests disabled in main suite due to one-GPU-manager-per-process limitation.
Run with ALLOW_GPU_TESTS_IN_SUITE=1 or use ./tests/run_gpu_tests_isolated.sh
]]></skipped>
    </testcase>
    <testcase name="VariousGPUWorldCounts/4" value_param="512" file="/home/duane/madrona_escape_room/tests/cpp/unit/test_c_api_gpu.cpp" line="131" status="run" result="skipped" time="0." timestamp="2025-08-15T20:51:11.355" classname="GPUWorldCounts/CApiGPUWorldCountTest">
      <skipped message="/home/duane/madrona_escape_room/tests/cpp/fixtures/test_base.hpp:100&#x0A;GPU tests disabled in main suite due to one-GPU-manager-per-process limitation.&#x0A;Run with ALLOW_GPU_TESTS_IN_SUITE=1 or use ./tests/run_gpu_tests_isolated.sh&#x0A;"><![CDATA[/home/duane/madrona_escape_room/tests/cpp/fixtures/test_base.hpp:100
GPU tests disabled in main suite due to one-GPU-manager-per-process limitation.
Run with ALLOW_GPU_TESTS_IN_SUITE=1 or use ./tests/run_gpu_tests_isolated.sh
]]></skipped>
    </testcase>
  </testsuite>
  <testsuite name="WorldCounts/DirectCppWorldCountTest" tests="5" failures="0" disabled="0" skipped="0" errors="0" time="0.025" timestamp="2025-08-15T20:51:11.355">
    <testcase name="CreateWithDifferentWorldCounts/0" value_param="1" file="/home/duane/madrona_escape_room/tests/cpp/unit/test_direct_cpp.cpp" line="99" status="run" result="completed" time="0.003" timestamp="2025-08-15T20:51:11.355" classname="WorldCounts/DirectCppWorldCountTest" />
    <testcase name="CreateWithDifferentWorldCounts/1" value_param="2" file="/home/duane/madrona_escape_room/tests/cpp/unit/test_direct_cpp.cpp" line="99" status="run" result="completed" time="0.004" timestamp="2025-08-15T20:51:11.359" classname="WorldCounts/DirectCppWorldCountTest" />
    <testcase name="CreateWithDifferentWorldCounts/2" value_param="4" file="/home/duane/madrona_escape_room/tests/cpp/unit/test_direct_cpp.cpp" line="99" status="run" result="completed" time="0.006" timestamp="2025-08-15T20:51:11.363" classname="WorldCounts/DirectCppWorldCountTest" />
    <testcase name="CreateWithDifferentWorldCounts/3" value_param="8" file="/home/duane/madrona_escape_room/tests/cpp/unit/test_direct_cpp.cpp" line="99" status="run" result="completed" time="0.004" timestamp="2025-08-15T20:51:11.370" classname="WorldCounts/DirectCppWorldCountTest" />
    <testcase name="CreateWithDifferentWorldCounts/4" value_param="16" file="/home/duane/madrona_escape_room/tests/cpp/unit/test_direct_cpp.cpp" line="99" status="run" result="completed" time="0.005" timestamp="2025-08-15T20:51:11.375" classname="WorldCounts/DirectCppWorldCountTest" />
  </testsuite>
</testsuites>
