
tests/python/test_collision_termination.py::TestCollisionTermination::test_north_collision_terminates FAILED [  0%]
tests/python/test_collision_termination.py::TestCollisionTermination::test_north_collision_terminates ERROR [  0%]
tests/python/test_collision_termination.py::TestCollisionTermination::test_east_collision_continues PASSED [  0%]
tests/python/test_collision_termination.py::TestCollisionTermination::test_east_collision_continues ERROR [  0%]
tests/python/test_collision_termination.py::TestCollisionTermination::test_west_collision_terminates FAILED [  1%]
tests/python/test_collision_termination.py::TestCollisionTermination::test_west_collision_terminates ERROR [  1%]
tests/python/test_collision_termination.py::TestCollisionTermination::test_south_collision_continues PASSED [  1%]
tests/python/test_collision_termination.py::TestCollisionTermination::test_south_collision_continues ERROR [  1%]
tests/python/test_collision_termination.py::TestCollisionTermination::test_level_configuration_validation FAILED [  2%]
tests/python/test_collision_termination.py::TestCollisionTermination::test_level_configuration_validation ERROR [  2%]
tests/python/test_collision_termination.py::TestCollisionTermination::test_collision_behavior_differences FAILED [  2%]
tests/python/test_collision_termination.py::TestCollisionTermination::test_collision_behavior_differences ERROR [  2%]
tests/python/test_comprehensive_reset_episode_counter_done_flag.py::TestBasicResetTiming::test_RT_001_manual_reset_when_done_zero FAILED [  3%]
tests/python/test_comprehensive_reset_episode_counter_done_flag.py::TestBasicResetTiming::test_RT_002_manual_reset_when_done_one FAILED [  3%]
tests/python/test_comprehensive_reset_episode_counter_done_flag.py::TestBasicResetTiming::test_RT_003_auto_reset_off_done_one FAILED [  4%]
tests/python/test_comprehensive_reset_episode_counter_done_flag.py::TestBasicResetTiming::test_RT_004_auto_reset_on_done_one FAILED [  4%]
tests/python/test_comprehensive_reset_episode_counter_done_flag.py::TestStepCounterPrecision::test_SC_001_exact_episode_len_steps FAILED [  5%]
tests/python/test_comprehensive_reset_episode_counter_done_flag.py::TestStepCounterPrecision::test_SC_002_reset_at_step_199 FAILED [  5%]
tests/python/test_comprehensive_reset_episode_counter_done_flag.py::TestStepCounterPrecision::test_SC_003_reset_at_step_200_done_one FAILED [  6%]
tests/python/test_comprehensive_reset_episode_counter_done_flag.py::TestStepCounterPrecision::test_SC_004_multiple_resets_per_episode FAILED [  6%]
tests/python/test_comprehensive_reset_episode_counter_done_flag.py::TestCollisionVsStepTermination::test_CT_001_collision_at_step_50 FAILED [  7%]
tests/python/test_comprehensive_reset_episode_counter_done_flag.py::TestCollisionVsStepTermination::test_CT_002_collision_at_step_200 FAILED [  7%]
tests/python/test_comprehensive_reset_episode_counter_done_flag.py::TestCollisionVsStepTermination::test_CT_003_collision_plus_manual_reset FAILED [  8%]
tests/python/test_comprehensive_reset_episode_counter_done_flag.py::TestCollisionVsStepTermination::test_CT_004_no_collision_step_limit FAILED [  8%]
tests/python/test_comprehensive_reset_episode_counter_done_flag.py::TestMultiWorldSynchronization::test_MW_001_reset_world_0_others_continue FAILED [  9%]
tests/python/test_comprehensive_reset_episode_counter_done_flag.py::TestMultiWorldSynchronization::test_MW_002_multiple_worlds_done_simultaneously FAILED [  9%]
tests/python/test_comprehensive_reset_episode_counter_done_flag.py::TestMultiWorldSynchronization::test_MW_003_auto_reset_with_mixed_done_states FAILED [ 10%]
tests/python/test_comprehensive_reset_episode_counter_done_flag.py::TestMultiWorldSynchronization::test_MW_004_manual_reset_during_mixed_states FAILED [ 10%]
tests/python/test_comprehensive_reset_episode_counter_done_flag.py::TestOrderOfOperations::test_OO_001_reset_same_step_as_done FAILED [ 11%]
tests/python/test_comprehensive_reset_episode_counter_done_flag.py::TestOrderOfOperations::test_OO_002_reward_calculation_during_reset FAILED [ 11%]
tests/python/test_comprehensive_reset_episode_counter_done_flag.py::TestOrderOfOperations::test_OO_003_action_processing_during_reset FAILED [ 12%]
tests/python/test_comprehensive_reset_episode_counter_done_flag.py::TestOrderOfOperations::test_OO_004_observer_tensor_consistency FAILED [ 12%]
tests/python/test_comprehensive_reset_episode_counter_done_flag.py::TestStatePersistence::test_SP_001_done_flag_across_reset_boundary FAILED [ 13%]
tests/python/test_comprehensive_reset_episode_counter_done_flag.py::TestStatePersistence::test_SP_002_steps_counter_across_reset FAILED [ 13%]
tests/python/test_comprehensive_reset_episode_counter_done_flag.py::TestStatePersistence::test_SP_004_progress_reward_reset FAILED [ 14%]
tests/python/test_default_level_binary_comparison.py::test_cpp_vs_python_default_level_binary_identical FAILED [ 14%]
tests/python/test_done_tensor_reset.py::test_done_tensor_resets_to_zero FAILED [ 15%]
tests/python/test_done_tensor_reset.py::test_done_tensor_after_episode_length FAILED [ 15%]
tests/python/test_done_tensor_reset.py::test_done_tensor_stays_zero_before_episode_end FAILED [ 16%]
tests/python/test_reward_system.py::test_forward_movement_reward FAILED  [ 16%]
tests/python/test_reward_system.py::test_reward_normalization FAILED     [ 17%]
tests/python/test_00_ctypes_cpu_only.py::test_import_order_torch_first PASSED [ 17%]
tests/python/test_00_ctypes_cpu_only.py::test_import_order_madrona_first PASSED [ 18%]
tests/python/test_00_ctypes_cpu_only.py::test_functionality_after_torch_import PASSED [ 18%]
tests/python/test_00_ctypes_cpu_only.py::test_tensor_interop_with_torch PASSED [ 19%]
tests/python/test_00_ctypes_cpu_only.py::test_default_level_spawn_position PASSED [ 19%]
tests/python/test_00_ctypes_cpu_only.py::test_dataclass_level_structure PASSED [ 20%]
tests/python/test_ascii_level_compiler.py::TestLevelCompiler::test_simple_room_compilation PASSED [ 20%]
tests/python/test_ascii_level_compiler.py::TestLevelCompiler::test_level_with_obstacles PASSED [ 21%]
tests/python/test_ascii_level_compiler.py::TestLevelCompiler::test_error_cases PASSED [ 21%]
tests/python/test_ascii_level_compiler.py::TestCTypesIntegration::test_dataclass_to_ctypes_conversion PASSED [ 22%]
tests/python/test_ascii_level_compiler.py::TestCTypesIntegration::test_compiled_level_validation PASSED [ 22%]
tests/python/test_ascii_level_compiler.py::TestCTypesIntegration::test_multiple_level_compilation PASSED [ 23%]
tests/python/test_ascii_level_compiler.py::TestManagerIntegration::test_manager_creation_with_ascii_level PASSED [ 23%]
tests/python/test_ascii_level_compiler.py::TestManagerIntegration::test_multiple_worlds_same_level PASSED [ 24%]
tests/python/test_ascii_level_compiler.py::TestManagerIntegration::test_backward_compatibility PASSED [ 24%]
tests/python/test_ascii_level_compiler.py::TestJSONLevelFormat::test_json_level_with_agent_facing PASSED [ 25%]
tests/python/test_ascii_level_compiler.py::TestJSONLevelFormat::test_json_level_without_facing PASSED [ 25%]
tests/python/test_ascii_level_compiler.py::TestJSONLevelFormat::test_json_level_in_sim_manager PASSED [ 26%]
tests/python/test_ascii_level_compiler.py::TestDoneOnCollisionFlags::test_explicit_done_on_collision_flags PASSED [ 26%]
tests/python/test_ascii_level_compiler.py::TestDoneOnCollisionFlags::test_default_tileset_done_on_collision PASSED [ 27%]
tests/python/test_ascii_level_compiler.py::TestDoneOnCollisionFlags::test_mixed_collision_flags PASSED [ 27%]
tests/python/test_ascii_level_compiler.py::TestDoneOnCollisionFlags::test_validation_of_done_on_collision_type PASSED [ 28%]
tests/python/test_ascii_level_compiler.py::TestEndToEndIntegration::test_complete_pipeline PASSED [ 28%]
tests/python/test_asset_descriptors_api.py::TestAssetDescriptorAPI::test_get_physics_assets_list PASSED [ 29%]
tests/python/test_asset_descriptors_api.py::TestAssetDescriptorAPI::test_get_render_assets_list PASSED [ 29%]
tests/python/test_asset_descriptors_api.py::TestAssetDescriptorAPI::test_physics_asset_object_id_lookup PASSED [ 30%]
tests/python/test_asset_descriptors_api.py::TestAssetDescriptorAPI::test_render_asset_object_id_lookup PASSED [ 30%]
tests/python/test_asset_descriptors_api.py::TestAssetDescriptorAPI::test_physics_render_consistency PASSED [ 31%]
tests/python/test_asset_descriptors_api.py::TestAssetDescriptorAPI::test_case_sensitivity PASSED [ 31%]
tests/python/test_bindings.py::test_cpu_import PASSED                    [ 32%]
tests/python/test_bindings.py::test_gpu_import PASSED                    [ 32%]
tests/python/test_bindings.py::test_cpu_manager_exists PASSED            [ 33%]
tests/python/test_bindings.py::test_tensor_shapes PASSED                 [ 33%]
tests/python/test_bindings.py::test_simulation_step PASSED               [ 33%]
tests/python/test_bindings.py::test_reset_functionality PASSED           [ 34%]
tests/python/test_bindings.py::test_tensor_memory_layout PASSED          [ 34%]
tests/python/test_bindings.py::test_multiple_steps PASSED                [ 35%]
tests/python/test_bindings.py::test_observation_values PASSED            [ 35%]
tests/python/test_bindings.py::test_state_persistence PASSED             [ 36%]
tests/python/test_bindings.py::test_progress_tensor PASSED               [ 36%]
tests/python/test_bindings.py::test_random_actions_comprehensive PASSED  [ 37%]
tests/python/test_bindings.py::test_deterministic_actions PASSED         [ 37%]
tests/python/test_bindings.py::test_trajectory_logging_methods PASSED    [ 38%]
tests/python/test_bindings.py::test_trajectory_logging_functionality PASSED [ 38%]
tests/python/test_bindings.py::test_trajectory_logging_to_file PASSED    [ 39%]
tests/python/test_c_api_struct_validation.py::TestCAPIStructValidation::test_c_api_validation_function PASSED [ 39%]
tests/python/test_c_api_struct_validation.py::TestCAPIStructValidation::test_manager_creation_with_c_api PASSED [ 40%]
tests/python/test_c_api_struct_validation.py::TestCAPIStructValidation::test_struct_memory_layout PASSED [ 40%]
tests/python/test_c_api_struct_validation.py::TestCAPIStructValidation::test_multiple_level_types_c_validation PASSED [ 41%]
tests/python/test_comprehensive_reset_episode_counter_done_flag.py::TestStatePersistence::test_SP_003_position_rotation_reset PASSED [ 41%]
tests/python/test_ctypes_basic.py::test_cpu_manager PASSED               [ 42%]
tests/python/test_ctypes_dlpack.py::test_cpu_dlpack PASSED               [ 42%]
tests/python/test_ctypes_dlpack.py::test_dlpack_device_protocol PASSED   [ 43%]
tests/python/test_custom_level_fixture.py::test_custom_level_with_cube PASSED [ 43%]
tests/python/test_dlpack.py::test_dlpack_protocol_exists PASSED          [ 44%]
tests/python/test_dlpack.py::test_dlpack_to_torch_cpu PASSED             [ 44%]
tests/python/test_dlpack.py::test_dlpack_zero_copy PASSED                [ 45%]
tests/python/test_dlpack.py::test_dlpack_device_info PASSED              [ 45%]
tests/python/test_dlpack.py::test_dlpack_multiple_tensors PASSED         [ 46%]
tests/python/test_dlpack.py::test_dlpack_with_torch_operations PASSED    [ 46%]
tests/python/test_dlpack.py::test_dlpack_memory_layout PASSED            [ 47%]
tests/python/test_dlpack_implementation.py::test_dlpack_extension_import SKIPPED [ 47%]
tests/python/test_dlpack_implementation.py::test_dlpack_device_function SKIPPED [ 48%]
tests/python/test_dlpack_implementation.py::test_tensor_dlpack_methods_exist PASSED [ 48%]
tests/python/test_dlpack_implementation.py::test_dlpack_device_method PASSED [ 49%]
tests/python/test_dlpack_implementation.py::test_dlpack_capsule_creation PASSED [ 49%]
tests/python/test_dlpack_implementation.py::test_pytorch_from_dlpack PASSED [ 50%]
tests/python/test_dlpack_implementation.py::test_fallback_behavior PASSED [ 50%]
tests/python/test_done_tensor_reset.py::test_done_tensor_collision_termination PASSED [ 51%]
tests/python/test_fastmcp_madrona_repl.py::TestFastMCPMadronaServer::test_madrona_imports_available PASSED [ 51%]
tests/python/test_fastmcp_madrona_repl.py::TestFastMCPMadronaServer::test_basic_python_execution PASSED [ 52%]
tests/python/test_fastmcp_madrona_repl.py::TestFastMCPMadronaServer::test_numpy_operations PASSED [ 52%]
tests/python/test_fastmcp_madrona_repl.py::TestFastMCPMadronaServer::test_session_persistence PASSED [ 53%]
tests/python/test_fastmcp_madrona_repl.py::TestFastMCPMadronaServer::test_error_handling PASSED [ 53%]
tests/python/test_fastmcp_madrona_repl.py::TestFastMCPMadronaServer::test_session_reset PASSED [ 54%]
tests/python/test_fastmcp_madrona_repl.py::TestFastMCPMadronaServer::test_list_variables PASSED [ 54%]
tests/python/test_fastmcp_madrona_repl.py::TestFastMCPMadronaServer::test_multiline_code_execution PASSED [ 55%]
tests/python/test_fastmcp_madrona_repl.py::TestFastMCPMadronaIntegration::test_canonical_workflow PASSED [ 55%]
tests/python/test_level_compiler_c_api.py::TestCAPIIntegration::test_max_tiles_c_api_value PASSED [ 56%]
tests/python/test_level_compiler_c_api.py::TestCAPIIntegration::test_max_tiles_consistency PASSED [ 56%]
tests/python/test_level_compiler_c_api.py::TestLevelSizeValidation::test_level_within_limits PASSED [ 57%]
tests/python/test_level_compiler_c_api.py::TestLevelSizeValidation::test_maximum_size_level PASSED [ 57%]
tests/python/test_level_compiler_c_api.py::TestLevelSizeValidation::test_oversized_level_rejected PASSED [ 58%]
tests/python/test_level_compiler_c_api.py::TestLevelSizeValidation::test_64x64_level_rejected PASSED [ 58%]
tests/python/test_level_compiler_c_api.py::TestArraySizing::test_compiled_arrays_correct_size PASSED [ 59%]
tests/python/test_level_compiler_c_api.py::TestArraySizing::test_unused_array_slots_zero PASSED [ 59%]
tests/python/test_level_compiler_c_api.py::TestBinaryIO::test_binary_roundtrip_c_api_arrays PASSED [ 60%]
tests/python/test_level_compiler_c_api.py::TestBinaryIO::test_validation_accepts_c_api_arrays PASSED [ 60%]
tests/python/test_level_compiler_c_api.py::TestBinaryIO::test_validation_rejects_wrong_sized_arrays PASSED [ 61%]
tests/python/test_level_compiler_c_api.py::TestEdgeCases::test_minimum_size_level PASSED [ 61%]
tests/python/test_level_compiler_c_api.py::TestEdgeCases::test_exact_square_root_size PASSED [ 62%]
tests/python/test_level_compiler_c_api.py::TestEdgeCases::test_rectangular_at_limit PASSED [ 62%]
tests/python/test_level_compiler_c_api.py::TestEdgeCases::test_fallback_when_c_api_unavailable PASSED [ 63%]
tests/python/test_movement_system.py::test_forward_movement PASSED       [ 63%]
tests/python/test_movement_system.py::test_strafe_left PASSED            [ 64%]
tests/python/test_movement_system.py::test_strafe_right PASSED           [ 64%]
tests/python/test_movement_system.py::test_backward_movement PASSED      [ 65%]
tests/python/test_movement_system.py::test_rotation_in_place PASSED      [ 65%]
tests/python/test_movement_system.py::test_movement_speed_differences PASSED [ 66%]
tests/python/test_native_recording.py::test_recording_lifecycle PASSED   [ 66%]
tests/python/test_native_recording.py::test_recording_with_steps PASSED  [ 66%]
tests/python/test_native_recording.py::test_recording_error_handling PASSED [ 67%]
tests/python/test_native_recording.py::test_recording_file_format PASSED [ 67%]
tests/python/test_native_recording.py::test_recording_empty_session PASSED [ 68%]
tests/python/test_native_recording.py::test_recording_state_persistence PASSED [ 68%]
tests/python/test_native_recording.py::test_current_format_specification_compliance PASSED [ 69%]
tests/python/test_native_recording.py::test_format_error_conditions PASSED [ 69%]
tests/python/test_native_recording.py::test_field_alignment_and_padding PASSED [ 70%]
tests/python/test_native_recording_replay_roundtrip.py::test_roundtrip_basic_consistency PASSED [ 70%]
tests/python/test_native_recording_replay_roundtrip.py::test_roundtrip_observation_consistency PASSED [ 71%]
tests/python/test_native_recording_replay_roundtrip.py::test_roundtrip_trajectory_file_verification PASSED [ 71%]
tests/python/test_native_recording_replay_roundtrip.py::test_roundtrip_trajectory_file_verification_with_debug PASSED [ 72%]
tests/python/test_native_recording_replay_roundtrip.py::test_trajectory_file_verification_detects_differences PASSED [ 72%]
tests/python/test_native_recording_replay_roundtrip.py::test_roundtrip_session_replay PASSED [ 73%]
tests/python/test_native_recording_replay_roundtrip.py::test_roundtrip_edge_cases PASSED [ 73%]
tests/python/test_native_recording_replay_roundtrip.py::test_roundtrip_with_reset PASSED [ 74%]
tests/python/test_native_recording_replay_roundtrip.py::test_action_sequence_detailed_validation PASSED [ 74%]
tests/python/test_native_recording_replay_roundtrip.py::test_action_data_corruption_detection PASSED [ 75%]
tests/python/test_native_recording_replay_roundtrip.py::test_file_structure_integrity_validation PASSED [ 75%]
tests/python/test_native_recording_replay_roundtrip.py::test_partial_file_replay_handling PASSED [ 76%]
tests/python/test_native_replay.py::test_replay_lifecycle PASSED         [ 76%]
tests/python/test_native_replay.py::test_replay_step_through PASSED      [ 77%]
tests/python/test_native_replay.py::test_replay_beyond_end PASSED        [ 77%]
tests/python/test_native_replay.py::test_replay_error_handling PASSED    [ 78%]
tests/python/test_native_replay.py::test_replay_multiple_loads PASSED    [ 78%]
tests/python/test_native_replay.py::test_replay_with_different_worlds PASSED [ 79%]
tests/python/test_native_replay.py::test_replay_state_consistency PASSED [ 79%]
tests/python/test_recording_binary_format.py::test_replay_metadata_complete_structure PASSED [ 80%]
tests/python/test_recording_binary_format.py::test_compiled_level_structure_validation PASSED [ 80%]
tests/python/test_recording_binary_format.py::test_action_data_verification_step_by_step PASSED [ 81%]
tests/python/test_recording_binary_format.py::test_format_specification_compliance PASSED [ 81%]
tests/python/test_recording_binary_format.py::test_error_condition_handling PASSED [ 82%]
tests/python/test_recording_binary_format.py::test_file_boundary_validation PASSED [ 82%]
tests/python/test_simple_dlpack.py::test_cpu_simple PASSED               [ 83%]
tests/python/test_spawn_locations.py::test_single_spawn_center PASSED    [ 83%]
tests/python/test_spawn_locations.py::test_single_spawn_corner PASSED    [ 84%]
tests/python/test_spawn_locations.py::test_multiple_spawn_locations PASSED [ 84%]
tests/python/test_spawn_locations.py::test_spawn_near_wall PASSED        [ 85%]
tests/python/test_spawn_locations.py::test_spawn_coordinate_transformation PASSED [ 85%]
tests/python/test_spawn_locations.py::test_no_spawn_marker PASSED        [ 86%]
tests/python/test_spawn_locations.py::test_multiple_spawn_parsing PASSED [ 86%]
tests/python/test_spawn_locations.py::test_spawn_rotation SKIPPED (A...) [ 87%]
tests/python/test_stress.py::test_stress_simulation[100-32] PASSED       [ 87%]
tests/python/test_stress.py::test_stress_simulation[500-32] PASSED       [ 88%]
tests/python/test_stress.py::test_stress_simulation[1000-64] PASSED      [ 88%]
tests/python/test_stress.py::test_rapid_manager_creation PASSED          [ 89%]
tests/python/test_tileset_compiler.py::TestTilesetFunctionality::test_default_tileset PASSED [ 89%]
tests/python/test_tileset_compiler.py::TestTilesetFunctionality::test_asset_object_id_mapping PASSED [ 90%]
tests/python/test_tileset_compiler.py::TestTilesetFunctionality::test_tileset_with_randomization PASSED [ 90%]
tests/python/test_tileset_compiler.py::TestTilesetFunctionality::test_json_level_with_randomization PASSED [ 91%]
tests/python/test_tileset_compiler.py::TestTilesetFunctionality::test_validate_tileset_with_invalid_randomization PASSED [ 91%]
tests/python/test_tileset_compiler.py::TestTilesetFunctionality::test_validate_tileset PASSED [ 92%]
tests/python/test_tileset_compiler.py::TestTilesetFunctionality::test_compile_with_custom_tileset PASSED [ 92%]
tests/python/test_tileset_compiler.py::TestTilesetFunctionality::test_compile_json_with_tileset PASSED [ 93%]
tests/python/test_tileset_compiler.py::TestTilesetFunctionality::test_json_auto_tileset_for_special_chars PASSED [ 93%]
tests/python/test_tileset_compiler.py::TestTilesetFunctionality::test_backward_compatibility PASSED [ 94%]
tests/python/test_tileset_compiler.py::TestTilesetFunctionality::test_mixed_assets_tileset PASSED [ 94%]
tests/python/test_tileset_compiler.py::TestTilesetFunctionality::test_invalid_asset_in_tileset PASSED [ 95%]
tests/python/test_tileset_compiler.py::TestTilesetFunctionality::test_json_string_input PASSED [ 95%]
tests/python/test_world_boundaries.py::TestWorldBoundaries::test_small_square_room PASSED [ 96%]
tests/python/test_world_boundaries.py::TestWorldBoundaries::test_rectangular_room PASSED [ 96%]
tests/python/test_world_boundaries.py::TestWorldBoundaries::test_large_room_default_scale PASSED [ 97%]
tests/python/test_world_boundaries.py::TestWorldBoundaries::test_32x32_room PASSED [ 97%]
tests/python/test_world_boundaries.py::TestWorldBoundaries::test_different_scales PASSED [ 98%]
tests/python/test_world_boundaries.py::TestWorldBoundaries::test_odd_vs_even_dimensions PASSED [ 98%]
tests/python/test_world_boundaries.py::TestWorldBoundaries::test_actual_tile_positions_within_boundaries PASSED [ 99%]
tests/python/test_world_boundaries.py::TestWorldBoundaries::test_boundary_fields_exist PASSED [ 99%]
tests/python/test_world_boundaries.py::TestWorldBoundaries::test_compiled_level_boundary_attributes PASSED [100%]

==================================== ERRORS ====================================
_ ERROR at teardown of TestCollisionTermination.test_north_collision_terminates _
E   AttributeError: 'SimManager' object has no attribute 'destroy'
---------------------------- Captured stdout setup -----------------------------
[DEBUG ctypes_bindings] Passing 1 levels to C API
[DEBUG ctypes_bindings] First level spawn: (0.0, -0.0)
_ ERROR at teardown of TestCollisionTermination.test_east_collision_continues __
E   AttributeError: 'SimManager' object has no attribute 'destroy'
---------------------------- Captured stdout setup -----------------------------
[DEBUG ctypes_bindings] Passing 1 levels to C API
[DEBUG ctypes_bindings] First level spawn: (0.0, -0.0)
_ ERROR at teardown of TestCollisionTermination.test_west_collision_terminates _
E   AttributeError: 'SimManager' object has no attribute 'destroy'
---------------------------- Captured stdout setup -----------------------------
[DEBUG ctypes_bindings] Passing 1 levels to C API
[DEBUG ctypes_bindings] First level spawn: (0.0, -0.0)
_ ERROR at teardown of TestCollisionTermination.test_south_collision_continues _
E   AttributeError: 'SimManager' object has no attribute 'destroy'
---------------------------- Captured stdout setup -----------------------------
[DEBUG ctypes_bindings] Passing 1 levels to C API
[DEBUG ctypes_bindings] First level spawn: (0.0, -0.0)
_ ERROR at teardown of TestCollisionTermination.test_level_configuration_validation _
E   AttributeError: 'SimManager' object has no attribute 'destroy'
---------------------------- Captured stdout setup -----------------------------
[DEBUG ctypes_bindings] Passing 1 levels to C API
[DEBUG ctypes_bindings] First level spawn: (0.0, -0.0)
_ ERROR at teardown of TestCollisionTermination.test_collision_behavior_differences _
E   AttributeError: 'SimManager' object has no attribute 'destroy'
---------------------------- Captured stdout setup -----------------------------
[DEBUG ctypes_bindings] Passing 1 levels to C API
[DEBUG ctypes_bindings] First level spawn: (0.0, -0.0)
=================================== FAILURES ===================================
/home/duane/madrona_escape_room/tests/python/test_collision_termination.py:91: AssertionError: Episode should have terminated from north collision with terminating cube
/home/duane/madrona_escape_room/tests/python/test_collision_termination.py:143: AssertionError: Episode should have terminated from west collision with terminating cylinder
/home/duane/madrona_escape_room/tests/python/test_collision_termination.py:194: AssertionError: Should have 1 agent
/home/duane/madrona_escape_room/tests/python/test_collision_termination.py:237: AssertionError: North collision with cube should terminate episode
/home/duane/madrona_escape_room/tests/python/test_comprehensive_reset_episode_counter_done_flag.py:104: AttributeError: 'SimManager' object has no attribute 'steps_remaining_tensor'. Did you mean: 'steps_taken_tensor'?
/home/duane/madrona_escape_room/tests/python/test_comprehensive_reset_episode_counter_done_flag.py:152: AttributeError: 'SimManager' object has no attribute 'steps_remaining_tensor'. Did you mean: 'steps_taken_tensor'?
/home/duane/madrona_escape_room/tests/python/test_comprehensive_reset_episode_counter_done_flag.py:191: AttributeError: 'SimManager' object has no attribute 'steps_remaining_tensor'. Did you mean: 'steps_taken_tensor'?
/home/duane/madrona_escape_room/tests/python/test_comprehensive_reset_episode_counter_done_flag.py:243: AttributeError: 'SimManager' object has no attribute 'steps_remaining_tensor'. Did you mean: 'steps_taken_tensor'?
/home/duane/madrona_escape_room/tests/python/test_comprehensive_reset_episode_counter_done_flag.py:281: AttributeError: 'SimManager' object has no attribute 'steps_remaining_tensor'. Did you mean: 'steps_taken_tensor'?
/home/duane/madrona_escape_room/tests/python/test_comprehensive_reset_episode_counter_done_flag.py:319: AttributeError: 'SimManager' object has no attribute 'steps_remaining_tensor'. Did you mean: 'steps_taken_tensor'?
/home/duane/madrona_escape_room/tests/python/test_comprehensive_reset_episode_counter_done_flag.py:359: AttributeError: 'SimManager' object has no attribute 'steps_remaining_tensor'. Did you mean: 'steps_taken_tensor'?
/home/duane/madrona_escape_room/tests/python/test_comprehensive_reset_episode_counter_done_flag.py:401: AttributeError: 'SimManager' object has no attribute 'steps_remaining_tensor'. Did you mean: 'steps_taken_tensor'?
/home/duane/madrona_escape_room/tests/python/test_comprehensive_reset_episode_counter_done_flag.py:446: AttributeError: 'SimManager' object has no attribute 'steps_remaining_tensor'. Did you mean: 'steps_taken_tensor'?
/home/duane/madrona_escape_room/tests/python/test_comprehensive_reset_episode_counter_done_flag.py:499: AttributeError: 'SimManager' object has no attribute 'steps_remaining_tensor'. Did you mean: 'steps_taken_tensor'?
/home/duane/madrona_escape_room/tests/python/test_comprehensive_reset_episode_counter_done_flag.py:537: AttributeError: 'SimManager' object has no attribute 'steps_remaining_tensor'. Did you mean: 'steps_taken_tensor'?
/home/duane/madrona_escape_room/tests/python/test_comprehensive_reset_episode_counter_done_flag.py:587: AttributeError: 'SimManager' object has no attribute 'steps_remaining_tensor'. Did you mean: 'steps_taken_tensor'?
/home/duane/madrona_escape_room/tests/python/test_comprehensive_reset_episode_counter_done_flag.py:627: AttributeError: 'SimManager' object has no attribute 'steps_remaining_tensor'. Did you mean: 'steps_taken_tensor'?
/home/duane/madrona_escape_room/tests/python/test_comprehensive_reset_episode_counter_done_flag.py:671: AttributeError: 'SimManager' object has no attribute 'steps_remaining_tensor'. Did you mean: 'steps_taken_tensor'?
/home/duane/madrona_escape_room/tests/python/test_comprehensive_reset_episode_counter_done_flag.py:719: AttributeError: 'SimManager' object has no attribute 'steps_remaining_tensor'. Did you mean: 'steps_taken_tensor'?
/home/duane/madrona_escape_room/tests/python/test_comprehensive_reset_episode_counter_done_flag.py:770: AttributeError: 'SimManager' object has no attribute 'steps_remaining_tensor'. Did you mean: 'steps_taken_tensor'?
/home/duane/madrona_escape_room/tests/python/test_comprehensive_reset_episode_counter_done_flag.py:829: AttributeError: 'SimManager' object has no attribute 'steps_remaining_tensor'. Did you mean: 'steps_taken_tensor'?
/home/duane/madrona_escape_room/tests/python/test_comprehensive_reset_episode_counter_done_flag.py:876: AttributeError: 'SimManager' object has no attribute 'steps_remaining_tensor'. Did you mean: 'steps_taken_tensor'?
/home/duane/madrona_escape_room/tests/python/test_comprehensive_reset_episode_counter_done_flag.py:937: AttributeError: 'SimManager' object has no attribute 'steps_remaining_tensor'. Did you mean: 'steps_taken_tensor'?
/home/duane/madrona_escape_room/tests/python/test_comprehensive_reset_episode_counter_done_flag.py:1022: AttributeError: 'SimManager' object has no attribute 'steps_remaining_tensor'. Did you mean: 'steps_taken_tensor'?
/home/duane/madrona_escape_room/tests/python/test_comprehensive_reset_episode_counter_done_flag.py:1101: AttributeError: 'SimManager' object has no attribute 'steps_remaining_tensor'. Did you mean: 'steps_taken_tensor'?
/home/duane/madrona_escape_room/tests/python/test_comprehensive_reset_episode_counter_done_flag.py:1141: AttributeError: 'SimManager' object has no attribute 'steps_remaining_tensor'. Did you mean: 'steps_taken_tensor'?
/home/duane/madrona_escape_room/tests/python/test_comprehensive_reset_episode_counter_done_flag.py:1243: AttributeError: 'SimManager' object has no attribute 'steps_remaining_tensor'. Did you mean: 'steps_taken_tensor'?
/home/duane/madrona_escape_room/tests/python/test_default_level_binary_comparison.py:34: AssertionError: Binary files differ: C++ size=85200, Python size=85200
/home/duane/madrona_escape_room/tests/python/test_done_tensor_reset.py:21: AttributeError: 'SimManager' object has no attribute 'steps_remaining_tensor'. Did you mean: 'steps_taken_tensor'?
/home/duane/madrona_escape_room/tests/python/test_done_tensor_reset.py:81: AttributeError: 'SimManager' object has no attribute 'steps_remaining_tensor'. Did you mean: 'steps_taken_tensor'?
/home/duane/madrona_escape_room/tests/python/test_done_tensor_reset.py:129: AttributeError: 'SimManager' object has no attribute 'steps_remaining_tensor'. Did you mean: 'steps_taken_tensor'?
/home/duane/madrona_escape_room/tests/python/test_helpers.py:175: AttributeError: 'SimManager' object has no attribute 'steps_remaining_tensor'. Did you mean: 'steps_taken_tensor'?
/home/duane/madrona_escape_room/tests/python/test_helpers.py:175: AttributeError: 'SimManager' object has no attribute 'steps_remaining_tensor'. Did you mean: 'steps_taken_tensor'?
=========================== short test summary info ============================
FAILED tests/python/test_collision_termination.py::TestCollisionTermination::test_north_collision_terminates
FAILED tests/python/test_collision_termination.py::TestCollisionTermination::test_west_collision_terminates
FAILED tests/python/test_collision_termination.py::TestCollisionTermination::test_level_configuration_validation
FAILED tests/python/test_collision_termination.py::TestCollisionTermination::test_collision_behavior_differences
FAILED tests/python/test_comprehensive_reset_episode_counter_done_flag.py::TestBasicResetTiming::test_RT_001_manual_reset_when_done_zero
FAILED tests/python/test_comprehensive_reset_episode_counter_done_flag.py::TestBasicResetTiming::test_RT_002_manual_reset_when_done_one
FAILED tests/python/test_comprehensive_reset_episode_counter_done_flag.py::TestBasicResetTiming::test_RT_003_auto_reset_off_done_one
FAILED tests/python/test_comprehensive_reset_episode_counter_done_flag.py::TestBasicResetTiming::test_RT_004_auto_reset_on_done_one
FAILED tests/python/test_comprehensive_reset_episode_counter_done_flag.py::TestStepCounterPrecision::test_SC_001_exact_episode_len_steps
FAILED tests/python/test_comprehensive_reset_episode_counter_done_flag.py::TestStepCounterPrecision::test_SC_002_reset_at_step_199
FAILED tests/python/test_comprehensive_reset_episode_counter_done_flag.py::TestStepCounterPrecision::test_SC_003_reset_at_step_200_done_one
FAILED tests/python/test_comprehensive_reset_episode_counter_done_flag.py::TestStepCounterPrecision::test_SC_004_multiple_resets_per_episode
FAILED tests/python/test_comprehensive_reset_episode_counter_done_flag.py::TestCollisionVsStepTermination::test_CT_001_collision_at_step_50
FAILED tests/python/test_comprehensive_reset_episode_counter_done_flag.py::TestCollisionVsStepTermination::test_CT_002_collision_at_step_200
FAILED tests/python/test_comprehensive_reset_episode_counter_done_flag.py::TestCollisionVsStepTermination::test_CT_003_collision_plus_manual_reset
FAILED tests/python/test_comprehensive_reset_episode_counter_done_flag.py::TestCollisionVsStepTermination::test_CT_004_no_collision_step_limit
FAILED tests/python/test_comprehensive_reset_episode_counter_done_flag.py::TestMultiWorldSynchronization::test_MW_001_reset_world_0_others_continue
FAILED tests/python/test_comprehensive_reset_episode_counter_done_flag.py::TestMultiWorldSynchronization::test_MW_002_multiple_worlds_done_simultaneously
FAILED tests/python/test_comprehensive_reset_episode_counter_done_flag.py::TestMultiWorldSynchronization::test_MW_003_auto_reset_with_mixed_done_states
FAILED tests/python/test_comprehensive_reset_episode_counter_done_flag.py::TestMultiWorldSynchronization::test_MW_004_manual_reset_during_mixed_states
FAILED tests/python/test_comprehensive_reset_episode_counter_done_flag.py::TestOrderOfOperations::test_OO_001_reset_same_step_as_done
FAILED tests/python/test_comprehensive_reset_episode_counter_done_flag.py::TestOrderOfOperations::test_OO_002_reward_calculation_during_reset
FAILED tests/python/test_comprehensive_reset_episode_counter_done_flag.py::TestOrderOfOperations::test_OO_003_action_processing_during_reset
FAILED tests/python/test_comprehensive_reset_episode_counter_done_flag.py::TestOrderOfOperations::test_OO_004_observer_tensor_consistency
FAILED tests/python/test_comprehensive_reset_episode_counter_done_flag.py::TestStatePersistence::test_SP_001_done_flag_across_reset_boundary
FAILED tests/python/test_comprehensive_reset_episode_counter_done_flag.py::TestStatePersistence::test_SP_002_steps_counter_across_reset
FAILED tests/python/test_comprehensive_reset_episode_counter_done_flag.py::TestStatePersistence::test_SP_004_progress_reward_reset
FAILED tests/python/test_default_level_binary_comparison.py::test_cpp_vs_python_default_level_binary_identical
FAILED tests/python/test_done_tensor_reset.py::test_done_tensor_resets_to_zero
FAILED tests/python/test_done_tensor_reset.py::test_done_tensor_after_episode_length
FAILED tests/python/test_done_tensor_reset.py::test_done_tensor_stays_zero_before_episode_end
FAILED tests/python/test_reward_system.py::test_forward_movement_reward - Att...
FAILED tests/python/test_reward_system.py::test_reward_normalization - Attrib...
ERROR tests/python/test_collision_termination.py::TestCollisionTermination::test_north_collision_terminates
ERROR tests/python/test_collision_termination.py::TestCollisionTermination::test_east_collision_continues
ERROR tests/python/test_collision_termination.py::TestCollisionTermination::test_west_collision_terminates
ERROR tests/python/test_collision_termination.py::TestCollisionTermination::test_south_collision_continues
ERROR tests/python/test_collision_termination.py::TestCollisionTermination::test_level_configuration_validation
ERROR tests/python/test_collision_termination.py::TestCollisionTermination::test_collision_behavior_differences
====== 33 failed, 167 passed, 7 skipped, 11 deselected, 6 errors in 8.29s ======
